[09-Feb-2021 10:15:50 America/Sao_Paulo] PHP Parse error:  syntax error, unexpected 'echo' (T_ECHO) in C:\xampp\htdocs\crud\config.php on line 14
[09-Feb-2021 10:16:11 America/Sao_Paulo] PHP Parse error:  syntax error, unexpected 'echo' (T_ECHO) in C:\xampp\htdocs\crud\config.php on line 14
[09-Feb-2021 10:17:22 America/Sao_Paulo] PHP Parse error:  syntax error, unexpected 'if' (T_IF) in C:\xampp\htdocs\crud\config.php on line 13
[09-Feb-2021 10:29:26 America/Sao_Paulo] PHP Parse error:  syntax error, unexpected '[', expecting identifier (T_STRING) or variable (T_VARIABLE) or '{' or '$' in C:\xampp\htdocs\crud\config.php on line 15
[09-Feb-2021 10:39:31 America/Sao_Paulo] PHP Fatal error:  Uncaught Error: Call to undefined function mysql_query() in C:\xampp\htdocs\crud\deletar.php:5
Stack trace:
#0 {main}
  thrown in C:\xampp\htdocs\crud\deletar.php on line 5
[09-Feb-2021 10:40:52 America/Sao_Paulo] PHP Fatal error:  Uncaught Error: Call to a member function prepare() on null in C:\xampp\htdocs\crud\deletar.php:4
Stack trace:
#0 {main}
  thrown in C:\xampp\htdocs\crud\deletar.php on line 4
[09-Feb-2021 10:40:53 America/Sao_Paulo] PHP Fatal error:  Uncaught Error: Call to a member function prepare() on null in C:\xampp\htdocs\crud\deletar.php:4
Stack trace:
#0 {main}
  thrown in C:\xampp\htdocs\crud\deletar.php on line 4
[09-Feb-2021 10:41:06 America/Sao_Paulo] PHP Fatal error:  Uncaught Error: Call to a member function prepare() on null in C:\xampp\htdocs\crud\deletar.php:4
Stack trace:
#0 {main}
  thrown in C:\xampp\htdocs\crud\deletar.php on line 4
[09-Feb-2021 10:41:16 America/Sao_Paulo] PHP Fatal error:  Uncaught Error: Call to a member function prepare() on null in C:\xampp\htdocs\crud\deletar.php:5
Stack trace:
#0 {main}
  thrown in C:\xampp\htdocs\crud\deletar.php on line 5
[09-Feb-2021 10:49:04 America/Sao_Paulo] PHP Fatal error:  Uncaught PDOException: SQLSTATE[42000]: Syntax error or access violation: 1064 You have an error in your SQL syntax; check the manual that corresponds to your MariaDB server version for the right syntax to use near 'wormstall martil,meusovo@gmail.com)' at line 1 in C:\xampp\htdocs\crud\create.php:10
Stack trace:
#0 C:\xampp\htdocs\crud\create.php(10): PDOStatement->execute()
#1 {main}
  thrown in C:\xampp\htdocs\crud\create.php on line 10
[09-Feb-2021 11:02:35 America/Sao_Paulo] PHP Fatal error:  Uncaught PDOException: SQLSTATE[42000]: Syntax error or access violation: 1064 You have an error in your SQL syntax; check the manual that corresponds to your MariaDB server version for the right syntax to use near ''' at line 1 in C:\xampp\htdocs\crud\updateUser.php:11
Stack trace:
#0 C:\xampp\htdocs\crud\updateUser.php(11): PDOStatement->execute()
#1 {main}
  thrown in C:\xampp\htdocs\crud\updateUser.php on line 11
[09-Feb-2021 11:03:38 America/Sao_Paulo] PHP Fatal error:  Uncaught PDOException: SQLSTATE[42000]: Syntax error or access violation: 1064 You have an error in your SQL syntax; check the manual that corresponds to your MariaDB server version for the right syntax to use near 'wormstall martil ,email= flaviomartil5@gmail.com  WHERE id =' at line 1 in C:\xampp\htdocs\crud\updateUser.php:11
Stack trace:
#0 C:\xampp\htdocs\crud\updateUser.php(11): PDOStatement->execute()
#1 {main}
  thrown in C:\xampp\htdocs\crud\updateUser.php on line 11
[09-Feb-2021 11:03:39 America/Sao_Paulo] PHP Fatal error:  Uncaught PDOException: SQLSTATE[42000]: Syntax error or access violation: 1064 You have an error in your SQL syntax; check the manual that corresponds to your MariaDB server version for the right syntax to use near 'wormstall martil ,email= flaviomartil5@gmail.com  WHERE id =' at line 1 in C:\xampp\htdocs\crud\updateUser.php:11
Stack trace:
#0 C:\xampp\htdocs\crud\updateUser.php(11): PDOStatement->execute()
#1 {main}
  thrown in C:\xampp\htdocs\crud\updateUser.php on line 11
[09-Feb-2021 11:03:40 America/Sao_Paulo] PHP Fatal error:  Uncaught PDOException: SQLSTATE[42000]: Syntax error or access violation: 1064 You have an error in your SQL syntax; check the manual that corresponds to your MariaDB server version for the right syntax to use near 'wormstall martil ,email= flaviomartil5@gmail.com  WHERE id =' at line 1 in C:\xampp\htdocs\crud\updateUser.php:11
Stack trace:
#0 C:\xampp\htdocs\crud\updateUser.php(11): PDOStatement->execute()
#1 {main}
  thrown in C:\xampp\htdocs\crud\updateUser.php on line 11
[09-Feb-2021 11:03:40 America/Sao_Paulo] PHP Fatal error:  Uncaught PDOException: SQLSTATE[42000]: Syntax error or access violation: 1064 You have an error in your SQL syntax; check the manual that corresponds to your MariaDB server version for the right syntax to use near 'wormstall martil ,email= flaviomartil5@gmail.com  WHERE id =' at line 1 in C:\xampp\htdocs\crud\updateUser.php:11
Stack trace:
#0 C:\xampp\htdocs\crud\updateUser.php(11): PDOStatement->execute()
#1 {main}
  thrown in C:\xampp\htdocs\crud\updateUser.php on line 11
[09-Feb-2021 11:04:23 America/Sao_Paulo] PHP Fatal error:  Uncaught PDOException: SQLSTATE[42000]: Syntax error or access violation: 1064 You have an error in your SQL syntax; check the manual that corresponds to your MariaDB server version for the right syntax to use near 'wormstall martil ,email= flaviomartil5@gmail.com  WHERE id =' at line 1 in C:\xampp\htdocs\crud\updateUser.php:11
Stack trace:
#0 C:\xampp\htdocs\crud\updateUser.php(11): PDOStatement->execute()
#1 {main}
  thrown in C:\xampp\htdocs\crud\updateUser.php on line 11
[09-Feb-2021 11:04:41 America/Sao_Paulo] PHP Fatal error:  Uncaught PDOException: SQLSTATE[42000]: Syntax error or access violation: 1064 You have an error in your SQL syntax; check the manual that corresponds to your MariaDB server version for the right syntax to use near 'wormstall martil ,email= flaviomartil5@gmail.com  WHERE id =' at line 1 in C:\xampp\htdocs\crud\updateUser.php:11
Stack trace:
#0 C:\xampp\htdocs\crud\updateUser.php(11): PDOStatement->execute()
#1 {main}
  thrown in C:\xampp\htdocs\crud\updateUser.php on line 11
[09-Feb-2021 11:04:41 America/Sao_Paulo] PHP Fatal error:  Uncaught PDOException: SQLSTATE[42000]: Syntax error or access violation: 1064 You have an error in your SQL syntax; check the manual that corresponds to your MariaDB server version for the right syntax to use near 'wormstall martil ,email= flaviomartil5@gmail.com  WHERE id =' at line 1 in C:\xampp\htdocs\crud\updateUser.php:11
Stack trace:
#0 C:\xampp\htdocs\crud\updateUser.php(11): PDOStatement->execute()
#1 {main}
  thrown in C:\xampp\htdocs\crud\updateUser.php on line 11
[09-Feb-2021 11:04:41 America/Sao_Paulo] PHP Fatal error:  Uncaught PDOException: SQLSTATE[42000]: Syntax error or access violation: 1064 You have an error in your SQL syntax; check the manual that corresponds to your MariaDB server version for the right syntax to use near 'wormstall martil ,email= flaviomartil5@gmail.com  WHERE id =' at line 1 in C:\xampp\htdocs\crud\updateUser.php:11
Stack trace:
#0 C:\xampp\htdocs\crud\updateUser.php(11): PDOStatement->execute()
#1 {main}
  thrown in C:\xampp\htdocs\crud\updateUser.php on line 11
[09-Feb-2021 11:04:41 America/Sao_Paulo] PHP Fatal error:  Uncaught PDOException: SQLSTATE[42000]: Syntax error or access violation: 1064 You have an error in your SQL syntax; check the manual that corresponds to your MariaDB server version for the right syntax to use near 'wormstall martil ,email= flaviomartil5@gmail.com  WHERE id =' at line 1 in C:\xampp\htdocs\crud\updateUser.php:11
Stack trace:
#0 C:\xampp\htdocs\crud\updateUser.php(11): PDOStatement->execute()
#1 {main}
  thrown in C:\xampp\htdocs\crud\updateUser.php on line 11
[09-Feb-2021 11:04:42 America/Sao_Paulo] PHP Fatal error:  Uncaught PDOException: SQLSTATE[42000]: Syntax error or access violation: 1064 You have an error in your SQL syntax; check the manual that corresponds to your MariaDB server version for the right syntax to use near 'wormstall martil ,email= flaviomartil5@gmail.com  WHERE id =' at line 1 in C:\xampp\htdocs\crud\updateUser.php:11
Stack trace:
#0 C:\xampp\htdocs\crud\updateUser.php(11): PDOStatement->execute()
#1 {main}
  thrown in C:\xampp\htdocs\crud\updateUser.php on line 11
[09-Feb-2021 11:04:42 America/Sao_Paulo] PHP Fatal error:  Uncaught PDOException: SQLSTATE[42000]: Syntax error or access violation: 1064 You have an error in your SQL syntax; check the manual that corresponds to your MariaDB server version for the right syntax to use near 'wormstall martil ,email= flaviomartil5@gmail.com  WHERE id =' at line 1 in C:\xampp\htdocs\crud\updateUser.php:11
Stack trace:
#0 C:\xampp\htdocs\crud\updateUser.php(11): PDOStatement->execute()
#1 {main}
  thrown in C:\xampp\htdocs\crud\updateUser.php on line 11
[09-Feb-2021 11:04:42 America/Sao_Paulo] PHP Fatal error:  Uncaught PDOException: SQLSTATE[42000]: Syntax error or access violation: 1064 You have an error in your SQL syntax; check the manual that corresponds to your MariaDB server version for the right syntax to use near 'wormstall martil ,email= flaviomartil5@gmail.com  WHERE id =' at line 1 in C:\xampp\htdocs\crud\updateUser.php:11
Stack trace:
#0 C:\xampp\htdocs\crud\updateUser.php(11): PDOStatement->execute()
#1 {main}
  thrown in C:\xampp\htdocs\crud\updateUser.php on line 11
[09-Feb-2021 11:04:42 America/Sao_Paulo] PHP Fatal error:  Uncaught PDOException: SQLSTATE[42000]: Syntax error or access violation: 1064 You have an error in your SQL syntax; check the manual that corresponds to your MariaDB server version for the right syntax to use near 'wormstall martil ,email= flaviomartil5@gmail.com  WHERE id =' at line 1 in C:\xampp\htdocs\crud\updateUser.php:11
Stack trace:
#0 C:\xampp\htdocs\crud\updateUser.php(11): PDOStatement->execute()
#1 {main}
  thrown in C:\xampp\htdocs\crud\updateUser.php on line 11
[09-Feb-2021 11:05:11 America/Sao_Paulo] PHP Fatal error:  Uncaught PDOException: SQLSTATE[42000]: Syntax error or access violation: 1064 You have an error in your SQL syntax; check the manual that corresponds to your MariaDB server version for the right syntax to use near 'wormstall martil ,email= flaviomartil5@gmail.com  WHERE id =' at line 1 in C:\xampp\htdocs\crud\updateUser.php:11
Stack trace:
#0 C:\xampp\htdocs\crud\updateUser.php(11): PDOStatement->execute()
#1 {main}
  thrown in C:\xampp\htdocs\crud\updateUser.php on line 11
[09-Feb-2021 11:05:21 America/Sao_Paulo] PHP Fatal error:  Uncaught PDOException: SQLSTATE[42000]: Syntax error or access violation: 1064 You have an error in your SQL syntax; check the manual that corresponds to your MariaDB server version for the right syntax to use near '@gmail.com  WHERE id =' at line 1 in C:\xampp\htdocs\crud\updateUser.php:11
Stack trace:
#0 C:\xampp\htdocs\crud\updateUser.php(11): PDOStatement->execute()
#1 {main}
  thrown in C:\xampp\htdocs\crud\updateUser.php on line 11
[09-Feb-2021 11:06:12 America/Sao_Paulo] PHP Fatal error:  Uncaught PDOException: SQLSTATE[42000]: Syntax error or access violation: 1064 You have an error in your SQL syntax; check the manual that corresponds to your MariaDB server version for the right syntax to use near '@gmail.com  WHERE id =' at line 1 in C:\xampp\htdocs\crud\updateUser.php:11
Stack trace:
#0 C:\xampp\htdocs\crud\updateUser.php(11): PDOStatement->execute()
#1 {main}
  thrown in C:\xampp\htdocs\crud\updateUser.php on line 11
[09-Feb-2021 11:06:17 America/Sao_Paulo] PHP Fatal error:  Uncaught PDOException: SQLSTATE[42000]: Syntax error or access violation: 1064 You have an error in your SQL syntax; check the manual that corresponds to your MariaDB server version for the right syntax to use near 'wormstall martil ,email= meusovo@gmail.com  WHERE id =  11' at line 1 in C:\xampp\htdocs\crud\updateUser.php:11
Stack trace:
#0 C:\xampp\htdocs\crud\updateUser.php(11): PDOStatement->execute()
#1 {main}
  thrown in C:\xampp\htdocs\crud\updateUser.php on line 11
